RUN	com.gatling.tests.SearchAndEditComputer	searchandeditcomputer	1666817620632	 	3.6.1
USER	Users	START	1666817622337
USER	Admins	START	1666817622337
REQUEST		Home	1666817622366	1666817622894	OK	 
REQUEST		Home	1666817622366	1666817622894	OK	 
USER	Users	START	1666817623327
REQUEST		Home	1666817623328	1666817623483	OK	 
USER	Admins	START	1666817624325
USER	Users	START	1666817624325
REQUEST		Home	1666817624326	1666817624459	OK	 
REQUEST		Home	1666817624326	1666817624468	OK	 
REQUEST		Search	1666817624998	1666817625039	OK	 
REQUEST		Search	1666817624998	1666817625039	OK	 
USER	Users	START	1666817625327
REQUEST		Home	1666817625328	1666817625458	OK	 
REQUEST		Search	1666817625499	1666817625537	OK	 
USER	Users	START	1666817626343
REQUEST		Home	1666817626343	1666817626478	OK	 
REQUEST		Search	1666817626471	1666817626520	OK	 
REQUEST		Search	1666817626485	1666817626535	OK	 
REQUEST		Select	1666817627048	1666817627094	OK	 
REQUEST		Select	1666817627048	1666817627096	OK	 
USER	Users	END	1666817627098
REQUEST		Edit	1666817627100	1666817627141	OK	 
REQUEST		Edit Redirect 1	1666817627150	1666817627189	OK	 
USER	Users	START	1666817627326
USER	Admins	START	1666817627326
REQUEST		Home	1666817627327	1666817627463	OK	 
REQUEST		Home	1666817627327	1666817627470	OK	 
REQUEST		Search	1666817627467	1666817627504	OK	 
REQUEST		Select	1666817627545	1666817627585	OK	 
USER	Users	END	1666817627586
USER	Users	START	1666817628326
REQUEST		Home	1666817628326	1666817628468	OK	 
REQUEST		Search	1666817628483	1666817628522	OK	 
REQUEST		Select	1666817628529	1666817628569	OK	 
USER	Users	END	1666817628570
REQUEST		Select	1666817628544	1666817628582	OK	 
REQUEST		Edit	1666817628584	1666817628622	OK	 
REQUEST		Edit Redirect 1	1666817628623	1666817628662	OK	 
USER	Admins	END	1666817629200
USER	Admins	START	1666817629325
USER	Users	START	1666817629325
REQUEST		Home	1666817629325	1666817629476	OK	 
REQUEST		Home	1666817629325	1666817629476	OK	 
REQUEST		Search	1666817629480	1666817629524	OK	 
REQUEST		Search	1666817629480	1666817629526	OK	 
REQUEST		Select	1666817629511	1666817629551	OK	 
USER	Users	END	1666817629552
USER	Users	START	1666817630325
REQUEST		Home	1666817630325	1666817630459	OK	 
REQUEST		Select	1666817630526	1666817630571	OK	 
USER	Users	END	1666817630573
USER	Admins	END	1666817630667
USER	Users	START	1666817631341
REQUEST		Home	1666817631341	1666817631504	OK	 
REQUEST		Search	1666817631480	1666817631521	OK	 
REQUEST		Search	1666817631480	1666817631526	OK	 
REQUEST		Select	1666817631526	1666817631567	OK	 
USER	Users	END	1666817631570
REQUEST		Select	1666817631541	1666817631581	OK	 
REQUEST		Search	1666817630479	1666817631583	OK	 
REQUEST		Edit	1666817631582	1666817631622	OK	 
REQUEST		Edit Redirect 1	1666817631623	1666817631663	OK	 
REQUEST		Search	1666817632464	1666817632504	OK	 
REQUEST		Search	1666817633515	1666817633555	OK	 
REQUEST		Select	1666817633531	1666817633570	OK	 
REQUEST		Select	1666817633531	1666817633570	OK	 
USER	Users	END	1666817633571
REQUEST		Edit	1666817633571	1666817633609	OK	 
REQUEST		Select	1666817633594	1666817633632	OK	 
USER	Users	END	1666817633633
REQUEST		Edit Redirect 1	1666817633610	1666817633650	OK	 
USER	Admins	END	1666817633671
REQUEST		Select	1666817634514	1666817634562	OK	 
USER	Users	END	1666817634563
REQUEST		Select	1666817635569	1666817635610	OK	 
USER	Users	END	1666817635611
USER	Admins	END	1666817635664
