RUN	com.gatling.tests.SearchAndEditComputer	searchandeditcomputer	1666808232472	Test	3.6.1
USER	Admins	START	1666808234459
USER	Users	START	1666808234459
REQUEST		Home	1666808234494	1666808235096	OK	 
REQUEST		Home	1666808234494	1666808235096	OK	 
USER	Users	START	1666808235453
REQUEST		Home	1666808235453	1666808235585	OK	 
USER	Admins	START	1666808236444
USER	Users	START	1666808236444
REQUEST		Home	1666808236445	1666808236592	OK	 
REQUEST		Home	1666808236445	1666808236610	OK	 
REQUEST		Search	1666808237246	1666808237285	OK	 
REQUEST		Search	1666808237246	1666808237286	OK	 
USER	Users	START	1666808237447
REQUEST		Home	1666808237448	1666808237583	OK	 
REQUEST		Search	1666808237602	1666808237651	OK	 
USER	Users	START	1666808238444
REQUEST		Home	1666808238445	1666808238593	OK	 
REQUEST		Search	1666808238601	1666808238647	OK	 
REQUEST		Search	1666808238616	1666808238663	OK	 
REQUEST		Select	1666808239292	1666808239335	OK	 
REQUEST		Select	1666808239292	1666808239343	OK	 
USER	Users	END	1666808239346
REQUEST		Edit	1666808239341	1666808239381	OK	 
REQUEST		Edit Redirect 1	1666808239391	1666808239430	OK	 
USER	Users	START	1666808239448
USER	Admins	START	1666808239448
REQUEST		Home	1666808239449	1666808239590	OK	 
REQUEST		Home	1666808239449	1666808239595	OK	 
REQUEST		Search	1666808239589	1666808239637	OK	 
REQUEST		Select	1666808239665	1666808239705	OK	 
USER	Users	END	1666808239706
USER	Users	START	1666808240442
REQUEST		Home	1666808240442	1666808240594	OK	 
REQUEST		Search	1666808240596	1666808240638	OK	 
REQUEST		Select	1666808240658	1666808240696	OK	 
REQUEST		Select	1666808240674	1666808240712	OK	 
USER	Users	END	1666808240713
REQUEST		Edit	1666808240697	1666808240736	OK	 
REQUEST		Edit Redirect 1	1666808240738	1666808240777	OK	 
USER	Admins	END	1666808241439
USER	Users	START	1666808241439
USER	Admins	START	1666808241439
REQUEST		Home	1666808241439	1666808241566	OK	 
REQUEST		Home	1666808241439	1666808241582	OK	 
REQUEST		Search	1666808241607	1666808241645	OK	 
REQUEST		Search	1666808241607	1666808241646	OK	 
REQUEST		Select	1666808241653	1666808241697	OK	 
USER	Users	END	1666808241699
USER	Users	START	1666808242450
REQUEST		Search	1666808242604	1666808242659	OK	 
REQUEST		Home	1666808242452	1666808242662	OK	 
REQUEST		Select	1666808242651	1666808242695	OK	 
USER	Users	END	1666808242697
USER	Admins	END	1666808242793
USER	Users	START	1666808243444
REQUEST		Home	1666808243445	1666808243595	OK	 
REQUEST		Search	1666808243570	1666808243624	OK	 
REQUEST		Search	1666808243588	1666808243637	OK	 
REQUEST		Select	1666808243649	1666808243689	OK	 
USER	Users	END	1666808243691
REQUEST		Select	1666808243649	1666808243694	OK	 
REQUEST		Edit	1666808243696	1666808243744	OK	 
REQUEST		Edit Redirect 1	1666808243744	1666808243783	OK	 
REQUEST		Search	1666808244672	1666808244727	OK	 
REQUEST		Select	1666808244672	1666808244734	OK	 
USER	Users	END	1666808244736
REQUEST		Search	1666808245603	1666808245651	OK	 
REQUEST		Select	1666808245648	1666808245687	OK	 
USER	Users	END	1666808245688
REQUEST		Select	1666808245634	1666808245728	OK	 
USER	Admins	END	1666808245800
REQUEST		Edit	1666808245729	1666808245835	OK	 
REQUEST		Edit Redirect 1	1666808245836	1666808245928	OK	 
REQUEST		Select	1666808246733	1666808246779	OK	 
USER	Users	END	1666808246781
REQUEST		Select	1666808247667	1666808247728	OK	 
USER	Users	END	1666808247731
USER	Admins	END	1666808247933
